<?xml version="1.0" encoding="UTF-8" ?>
<testsuite errors="1" failures="0" hostname="jordan-PC" name="junit.TestCalculator.class" skipped="0" tests="1" time="0.0" timestamp="2018-01-22T21:11:15">
  <properties>
[...]
</properties>
  <error message="junit.TestCalculator.class" type="java.lang.ClassNotFoundException">java.lang.ClassNotFoundException: junit.TestCalculator.class
	at java.lang.ClassLoader.loadClass(ClassLoader.java:357)
	at java.lang.Class.forName0(Native Method)
	at java.lang.Class.forName(Class.java:348)
</error>
  <system-out><![CDATA[]]></system-out>
  <system-err><![CDATA[]]></system-err>
</testsuite>
